<?xml version="1.0" encoding="UTF-8"?>
<!-- Generated by org.testng.reporters.JUnitReportReporter -->
<testsuite skipped="0" hostname="Prathima" name="com.testingmasters.TestScriptDefinitions.Module1" tests="1" failures="0" timestamp="30 Dec 2017 11:39:23 GMT" time="177.353" errors="0">
  <testcase name="TC_101" time="177.353" classname="com.testingmasters.TestScriptDefinitions.Module1"/>
</testsuite> <!-- com.testingmasters.TestScriptDefinitions.Module1 -->
