<?xml version="1.0" encoding="UTF-8"?>
<!-- Generated by org.testng.reporters.JUnitReportReporter -->
<testsuite skipped="0" hostname="Prathima" name="com.testingmasters.TestScriptDefinitions.Module1" tests="1" failures="0" timestamp="03 Jan 2018 09:56:14 GMT" time="240.663" errors="0">
  <testcase name="TC_101" time="240.663" classname="com.testingmasters.TestScriptDefinitions.Module1"/>
</testsuite> <!-- com.testingmasters.TestScriptDefinitions.Module1 -->
